<?xml version="1.0" encoding="UTF-8"?>
<testng-results skipped="0" failed="1" ignored="0" total="1" passed="0">
  <reporter-output>
    <line>
      <![CDATA[test Case executed]]>
    </line>
  </reporter-output>
  <suite name="Default suite" duration-ms="13856" started-at="2018-12-09T14:33:16Z" finished-at="2018-12-09T14:33:30Z">
    <groups>
    </groups>
    <test name="Default test" duration-ms="13856" started-at="2018-12-09T14:33:16Z" finished-at="2018-12-09T14:33:30Z">
      <class name="com.ActiTime.AutotestCases.LoginValidUsers">
        <test-method status="PASS" signature="precondition()[pri:0, instance:com.ActiTime.AutotestCases.LoginValidUsers@4f933fd1]" name="precondition" is-config="true" duration-ms="13515" started-at="2018-12-09T14:33:16Z" finished-at="2018-12-09T14:33:30Z">
          <reporter-output>
          </reporter-output>
        </test-method> <!-- precondition -->
        <test-method status="FAIL" signature="ValidUsers()[pri:0, instance:com.ActiTime.AutotestCases.LoginValidUsers@4f933fd1]" name="ValidUsers" duration-ms="150" started-at="2018-12-09T14:33:30Z" finished-at="2018-12-09T14:33:30Z">
          <exception class="java.lang.NullPointerException">
            <full-stacktrace>
              <![CDATA[java.lang.NullPointerException
at org.openqa.selenium.support.pagefactory.DefaultElementLocator.findElement(DefaultElementLocator.java:69)
at org.openqa.selenium.support.pagefactory.internal.LocatingElementHandler.invoke(LocatingElementHandler.java:38)
at com.sun.proxy.$Proxy9.sendKeys(Unknown Source)
at com.ActiTime.Pages.LoginPage.EnterUserName(LoginPage.java:35)
at com.ActiTime.AutotestCases.LoginValidUsers.ValidUsers(LoginValidUsers.java:16)
at sun.reflect.NativeMethodAccessorImpl.invoke0(Native Method)
at sun.reflect.NativeMethodAccessorImpl.invoke(Unknown Source)
at sun.reflect.DelegatingMethodAccessorImpl.invoke(Unknown Source)
at java.lang.reflect.Method.invoke(Unknown Source)
at org.testng.internal.MethodInvocationHelper.invokeMethod(MethodInvocationHelper.java:124)
at org.testng.internal.Invoker.invokeMethod(Invoker.java:580)
at org.testng.internal.Invoker.invokeTestMethod(Invoker.java:716)
at org.testng.internal.Invoker.invokeTestMethods(Invoker.java:988)
at org.testng.internal.TestMethodWorker.invokeTestMethods(TestMethodWorker.java:125)
at org.testng.internal.TestMethodWorker.run(TestMethodWorker.java:109)
at org.testng.TestRunner.privateRun(TestRunner.java:648)
at org.testng.TestRunner.run(TestRunner.java:505)
at org.testng.SuiteRunner.runTest(SuiteRunner.java:455)
at org.testng.SuiteRunner.runSequentially(SuiteRunner.java:450)
at org.testng.SuiteRunner.privateRun(SuiteRunner.java:415)
at org.testng.SuiteRunner.run(SuiteRunner.java:364)
at org.testng.SuiteRunnerWorker.runSuite(SuiteRunnerWorker.java:52)
at org.testng.SuiteRunnerWorker.run(SuiteRunnerWorker.java:84)
at org.testng.TestNG.runSuitesSequentially(TestNG.java:1208)
at org.testng.TestNG.runSuitesLocally(TestNG.java:1137)
at org.testng.TestNG.runSuites(TestNG.java:1049)
at org.testng.TestNG.run(TestNG.java:1017)
at org.testng.remote.AbstractRemoteTestNG.run(AbstractRemoteTestNG.java:114)
at org.testng.remote.RemoteTestNG.initAndRun(RemoteTestNG.java:251)
at org.testng.remote.RemoteTestNG.main(RemoteTestNG.java:77)
]]>
            </full-stacktrace>
          </exception> <!-- java.lang.NullPointerException -->
          <reporter-output>
          </reporter-output>
        </test-method> <!-- ValidUsers -->
        <test-method status="PASS" signature="PostCondition()[pri:0, instance:com.ActiTime.AutotestCases.LoginValidUsers@4f933fd1]" name="PostCondition" is-config="true" duration-ms="74" started-at="2018-12-09T14:33:30Z" finished-at="2018-12-09T14:33:30Z">
          <reporter-output>
            <line>
              <![CDATA[test Case executed]]>
            </line>
          </reporter-output>
        </test-method> <!-- PostCondition -->
      </class> <!-- com.ActiTime.AutotestCases.LoginValidUsers -->
    </test> <!-- Default test -->
  </suite> <!-- Default suite -->
</testng-results>
